TN:
SF:/Users/admin/WebstormProjects/gulu-test-1/src/svg.js
FN:1,(anonymous_0)
FN:1,(anonymous_1)
FN:1,(anonymous_2)
FN:1,(anonymous_3)
FN:1,(anonymous_4)
FN:1,e
FN:1,(anonymous_6)
FNF:7
FNH:4
FNDA:5,(anonymous_0)
FNDA:5,(anonymous_1)
FNDA:5,(anonymous_2)
FNDA:0,(anonymous_3)
FNDA:0,(anonymous_4)
FNDA:0,e
FNDA:5,(anonymous_6)
DA:1,5
LF:1
LH:1
BRDA:1,0,0,0
BRDA:1,0,1,5
BRDA:1,1,0,5
BRDA:1,1,1,0
BRDA:1,2,0,0
BRDA:1,2,1,0
BRDA:1,3,0,5
BRDA:1,3,1,0
BRDA:1,4,0,0
BRDA:1,4,1,5
BRDA:1,5,0,0
BRDA:1,5,1,0
BRDA:1,6,0,0
BRDA:1,6,1,0
BRDA:1,7,0,0
BRDA:1,7,1,0
BRDA:1,8,0,5
BRDA:1,8,1,5
BRDA:1,9,0,5
BRDA:1,9,1,0
BRF:20
BRH:7
end_of_record
TN:
SF:/Users/admin/WebstormProjects/gulu-test-1/src/icon.vue
FNF:0
FNH:0
LF:0
LH:0
BRF:0
BRH:0
end_of_record
TN:
SF:/Users/admin/WebstormProjects/gulu-test-1/src/button/button.vue
FN:28,(anonymous_0)
FNF:1
FNH:1
FNDA:5,(anonymous_0)
DA:29,5
LF:1
LH:1
BRDA:29,0,0,5
BRDA:29,0,1,1
BRF:2
BRH:2
end_of_record
TN:
SF:/Users/admin/WebstormProjects/gulu-test-1/tests/unit/button.spec.js
FN:8,(anonymous_0)
FN:9,(anonymous_1)
FN:13,(anonymous_2)
FN:23,(anonymous_3)
FN:36,(anonymous_4)
FN:49,(anonymous_5)
FN:61,(anonymous_6)
FNF:7
FNH:7
FNDA:1,(anonymous_0)
FNDA:1,(anonymous_1)
FNDA:1,(anonymous_2)
FNDA:1,(anonymous_3)
FNDA:1,(anonymous_4)
FNDA:1,(anonymous_5)
FNDA:1,(anonymous_6)
DA:6,1
DA:8,1
DA:9,1
DA:10,1
DA:13,1
DA:14,1
DA:19,1
DA:20,1
DA:23,1
DA:24,1
DA:30,1
DA:31,1
DA:32,1
DA:33,1
DA:36,1
DA:37,1
DA:43,1
DA:45,1
DA:46,1
DA:49,1
DA:50,1
DA:57,1
DA:58,1
DA:59,1
DA:61,1
DA:62,1
DA:67,1
DA:68,1
DA:69,1
DA:70,1
DA:71,1
LF:31
LH:31
BRF:0
BRH:0
end_of_record
TN:
SF:/Users/admin/WebstormProjects/gulu-test-1/src/grid/col.vue
FN:8,(anonymous_0)
FN:11,(anonymous_1)
FN:32,(anonymous_2)
FN:38,(anonymous_3)
FN:54,(anonymous_4)
FN:67,(anonymous_5)
FNF:6
FNH:0
FNDA:0,(anonymous_0)
FNDA:0,(anonymous_1)
FNDA:0,(anonymous_2)
FNDA:0,(anonymous_3)
FNDA:0,(anonymous_4)
FNDA:0,(anonymous_5)
DA:8,1
DA:9,0
DA:10,0
DA:11,0
DA:12,0
DA:13,0
DA:16,0
DA:33,0
DA:39,0
DA:47,0
DA:48,0
DA:49,0
DA:50,0
DA:55,0
DA:56,0
DA:58,0
DA:68,0
LF:17
LH:1
BRDA:12,0,0,0
BRDA:12,0,1,0
BRDA:38,1,0,0
BRDA:39,2,0,0
BRDA:39,2,1,0
BRDA:48,3,0,0
BRDA:48,3,1,0
BRDA:49,4,0,0
BRDA:49,4,1,0
BRF:9
BRH:0
end_of_record
TN:
SF:/Users/admin/WebstormProjects/gulu-test-1/tests/unit/col.spec.js
FN:8,(anonymous_0)
FN:9,(anonymous_1)
FNF:2
FNH:2
FNDA:1,(anonymous_0)
FNDA:1,(anonymous_1)
DA:6,1
DA:8,1
DA:9,1
DA:10,1
LF:4
LH:4
BRF:0
BRH:0
end_of_record
TN:
SF:/Users/admin/WebstormProjects/gulu-test-1/src/hjx.js
FN:1,fn
FNF:1
FNH:1
FNDA:2,fn
DA:3,2
DA:4,1
DA:5,1
DA:6,0
DA:8,1
DA:11,1
DA:12,1
LF:7
LH:6
BRDA:3,0,0,1
BRDA:3,0,1,1
BRDA:5,1,0,0
BRDA:5,1,1,1
BRF:4
BRH:3
end_of_record
TN:
SF:/Users/admin/WebstormProjects/gulu-test-1/tests/unit/hjx.spec.js
FN:4,(anonymous_0)
FN:6,(anonymous_1)
FN:10,(anonymous_2)
FN:15,(anonymous_3)
FNF:4
FNH:4
FNDA:1,(anonymous_0)
FNDA:1,(anonymous_1)
FNDA:1,(anonymous_2)
FNDA:1,(anonymous_3)
DA:4,1
DA:6,1
DA:7,1
DA:10,1
DA:11,1
DA:12,1
DA:15,1
DA:16,1
DA:17,1
LF:9
LH:9
BRF:0
BRH:0
end_of_record
TN:
SF:/Users/admin/WebstormProjects/gulu-test-1/src/input.vue
FN:40,(anonymous_0)
FNF:1
FNH:0
FNDA:0,(anonymous_0)
DA:41,0
LF:1
LH:0
BRF:0
BRH:0
end_of_record
TN:
SF:/Users/admin/WebstormProjects/gulu-test-1/tests/unit/input.spec.js
FN:8,(anonymous_0)
FN:9,(anonymous_1)
FNF:2
FNH:2
FNDA:1,(anonymous_0)
FNDA:1,(anonymous_1)
DA:6,1
DA:8,1
DA:9,1
DA:10,1
LF:4
LH:4
BRF:0
BRH:0
end_of_record
TN:
SF:/Users/admin/WebstormProjects/gulu-test-1/src/nav/nav.vue
FN:10,(anonymous_0)
FN:26,(anonymous_1)
FN:32,(anonymous_2)
FN:36,(anonymous_3)
FN:48,(anonymous_4)
FN:51,(anonymous_5)
FN:52,(anonymous_6)
FN:60,(anonymous_7)
FN:61,(anonymous_8)
FN:62,(anonymous_9)
FNF:10
FNH:9
FNDA:2,(anonymous_0)
FNDA:2,(anonymous_1)
FNDA:0,(anonymous_2)
FNDA:2,(anonymous_3)
FNDA:8,(anonymous_4)
FNDA:2,(anonymous_5)
FNDA:8,(anonymous_6)
FNDA:2,(anonymous_7)
FNDA:8,(anonymous_8)
FNDA:1,(anonymous_9)
DA:12,2
DA:27,2
DA:34,0
DA:37,2
DA:38,2
DA:49,8
DA:52,2
DA:53,8
DA:54,2
DA:56,6
DA:61,2
DA:62,8
DA:63,1
LF:13
LH:12
BRDA:53,0,0,2
BRDA:53,0,1,6
BRF:2
BRH:2
end_of_record
TN:
SF:/Users/admin/WebstormProjects/gulu-test-1/src/nav/nav-item.vue
FN:19,(anonymous_0)
FN:22,(anonymous_1)
FN:28,(anonymous_2)
FNF:3
FNH:3
FNDA:8,(anonymous_0)
FNDA:8,(anonymous_1)
FNDA:1,(anonymous_2)
DA:20,8
DA:23,8
DA:30,1
DA:32,1
DA:35,1
LF:5
LH:5
BRDA:32,0,0,1
BRDA:32,0,1,1
BRF:2
BRH:2
end_of_record
TN:
SF:/Users/admin/WebstormProjects/gulu-test-1/src/click-outside.js
FN:1,(anonymous_0)
FN:3,(anonymous_1)
FN:23,(anonymous_2)
FN:28,(anonymous_3)
FNF:4
FNH:1
FNDA:0,(anonymous_0)
FNDA:0,(anonymous_1)
FNDA:2,(anonymous_2)
FNDA:0,(anonymous_3)
DA:1,1
DA:2,0
DA:3,0
DA:5,0
DA:6,0
DA:7,0
DA:9,0
DA:11,0
DA:18,1
DA:20,1
DA:24,2
DA:28,1
DA:29,0
LF:13
LH:5
BRDA:5,0,0,0
BRDA:5,0,1,0
BRDA:5,1,0,0
BRDA:5,1,1,0
BRF:4
BRH:0
end_of_record
TN:
SF:/Users/admin/WebstormProjects/gulu-test-1/src/nav/sub-nav.vue
FN:41,(anonymous_0)
FN:47,(anonymous_1)
FN:52,(anonymous_2)
FN:55,(anonymous_3)
FN:65,(anonymous_4)
FN:68,(anonymous_5)
FN:77,(anonymous_6)
FN:81,(anonymous_7)
FN:87,(anonymous_8)
FN:91,(anonymous_9)
FN:95,(anonymous_10)
FNF:11
FNH:3
FNDA:2,(anonymous_0)
FNDA:4,(anonymous_1)
FNDA:0,(anonymous_2)
FNDA:1,(anonymous_3)
FNDA:0,(anonymous_4)
FNDA:0,(anonymous_5)
FNDA:0,(anonymous_6)
FNDA:0,(anonymous_7)
FNDA:0,(anonymous_8)
FNDA:0,(anonymous_9)
FNDA:0,(anonymous_10)
DA:42,2
DA:48,4
DA:53,0
DA:57,1
DA:59,1
DA:60,0
DA:66,0
DA:69,0
DA:70,0
DA:71,0
DA:72,0
DA:77,0
DA:78,0
DA:82,0
DA:83,0
DA:84,0
DA:85,0
DA:87,0
DA:88,0
DA:93,0
DA:97,0
LF:21
LH:4
BRDA:48,0,0,1
BRDA:48,0,1,3
BRDA:59,1,0,0
BRDA:59,1,1,1
BRF:4
BRH:3
end_of_record
TN:
SF:/Users/admin/WebstormProjects/gulu-test-1/tests/unit/nav.spec.js
FN:13,(anonymous_0)
FN:14,(anonymous_1)
FN:18,(anonymous_2)
FN:40,(anonymous_3)
FN:47,(anonymous_4)
FNF:5
FNH:5
FNDA:1,(anonymous_0)
FNDA:1,(anonymous_1)
FNDA:1,(anonymous_2)
FNDA:1,(anonymous_3)
FNDA:1,(anonymous_4)
DA:5,1
DA:13,1
DA:14,1
DA:15,1
DA:18,1
DA:19,1
DA:20,1
DA:21,1
DA:40,1
DA:42,1
DA:43,1
DA:47,1
DA:48,1
DA:49,1
DA:50,1
DA:51,1
DA:72,1
DA:74,1
DA:75,1
LF:19
LH:19
BRF:0
BRH:0
end_of_record
TN:
SF:/Users/admin/WebstormProjects/gulu-test-1/src/popover.vue
FN:17,(anonymous_0)
FN:29,(anonymous_1)
FN:36,(anonymous_2)
FN:45,(anonymous_3)
FN:52,(anonymous_4)
FN:61,(anonymous_5)
FN:64,(anonymous_6)
FN:73,(anonymous_7)
FN:81,(anonymous_8)
FN:110,(anonymous_9)
FN:123,(anonymous_10)
FN:126,(anonymous_11)
FN:131,(anonymous_12)
FN:135,(anonymous_13)
FNF:14
FNH:9
FNDA:2,(anonymous_0)
FNDA:2,(anonymous_1)
FNDA:2,(anonymous_2)
FNDA:0,(anonymous_3)
FNDA:0,(anonymous_4)
FNDA:2,(anonymous_5)
FNDA:0,(anonymous_6)
FNDA:2,(anonymous_7)
FNDA:2,(anonymous_8)
FNDA:0,(anonymous_9)
FNDA:2,(anonymous_10)
FNDA:2,(anonymous_11)
FNDA:0,(anonymous_12)
FNDA:1,(anonymous_13)
DA:18,2
DA:30,2
DA:37,2
DA:46,0
DA:47,0
DA:49,0
DA:53,0
DA:54,0
DA:56,0
DA:62,2
DA:65,0
DA:66,0
DA:68,0
DA:69,0
DA:74,2
DA:75,1
DA:77,1
DA:78,1
DA:82,2
DA:83,2
DA:85,2
DA:86,2
DA:87,2
DA:106,2
DA:107,2
DA:113,0
DA:116,0
DA:117,0
DA:120,0
DA:121,0
DA:124,2
DA:126,2
DA:127,2
DA:128,2
DA:132,0
DA:133,0
DA:137,1
DA:138,1
DA:139,0
DA:141,1
LF:40
LH:22
BRDA:46,0,0,0
BRDA:46,0,1,0
BRDA:53,1,0,0
BRDA:53,1,1,0
BRDA:65,2,0,0
BRDA:65,2,1,0
BRDA:74,3,0,1
BRDA:74,3,1,1
BRDA:83,4,0,2
BRDA:83,4,1,2
BRDA:113,5,0,0
BRDA:113,5,1,0
BRDA:113,6,0,0
BRDA:113,6,1,0
BRDA:113,6,2,0
BRDA:117,7,0,0
BRDA:117,7,1,0
BRDA:117,8,0,0
BRDA:117,8,1,0
BRDA:117,8,2,0
BRDA:137,9,0,1
BRDA:137,9,1,0
BRDA:138,10,0,0
BRDA:138,10,1,1
BRF:24
BRH:6
end_of_record
TN:
SF:/Users/admin/WebstormProjects/gulu-test-1/tests/unit/popover.spec.js
FN:12,(anonymous_0)
FN:13,(anonymous_1)
FN:16,(anonymous_2)
FN:32,(anonymous_3)
FNF:4
FNH:4
FNDA:1,(anonymous_0)
FNDA:1,(anonymous_1)
FNDA:1,(anonymous_2)
FNDA:1,(anonymous_3)
DA:7,1
DA:9,1
DA:10,1
DA:12,1
DA:13,1
DA:14,1
DA:16,1
DA:17,1
DA:26,1
DA:27,1
DA:28,1
DA:32,1
DA:33,1
DA:43,1
DA:44,1
DA:45,1
LF:16
LH:16
BRF:0
BRH:0
end_of_record
TN:
SF:/Users/admin/WebstormProjects/gulu-test-1/src/grid/row.vue
FN:16,(anonymous_0)
FN:22,(anonymous_1)
FN:26,(anonymous_2)
FN:34,(anonymous_3)
FN:35,(anonymous_4)
FNF:5
FNH:0
FNDA:0,(anonymous_0)
FNDA:0,(anonymous_1)
FNDA:0,(anonymous_2)
FNDA:0,(anonymous_3)
FNDA:0,(anonymous_4)
DA:17,0
DA:23,0
DA:24,0
DA:27,0
DA:28,0
DA:35,0
DA:36,0
LF:7
LH:0
BRDA:24,0,0,0
BRDA:24,0,1,0
BRF:2
BRH:0
end_of_record
TN:
SF:/Users/admin/WebstormProjects/gulu-test-1/tests/unit/row.spec.js
FN:8,(anonymous_0)
FN:9,(anonymous_1)
FNF:2
FNH:2
FNDA:1,(anonymous_0)
FNDA:1,(anonymous_1)
DA:6,1
DA:8,1
DA:9,1
DA:10,1
LF:4
LH:4
BRF:0
BRH:0
end_of_record
TN:
SF:/Users/admin/WebstormProjects/gulu-test-1/src/slides/slides.vue
FN:48,(anonymous_0)
FN:56,(anonymous_1)
FN:70,(anonymous_2)
FN:75,(anonymous_3)
FN:79,(anonymous_4)
FN:80,(anonymous_5)
FN:82,(anonymous_6)
FN:83,(anonymous_7)
FN:87,(anonymous_8)
FN:90,(anonymous_9)
FN:93,(anonymous_10)
FN:98,(anonymous_11)
FN:101,(anonymous_12)
FN:124,(anonymous_13)
FN:128,(anonymous_14)
FN:139,(anonymous_15)
FN:143,(anonymous_16)
FN:147,(anonymous_17)
FN:151,(anonymous_18)
FN:157,(anonymous_19)
FN:161,(anonymous_20)
FN:163,(anonymous_21)
FN:174,(anonymous_22)
FNF:23
FNH:15
FNDA:4,(anonymous_0)
FNDA:4,(anonymous_1)
FNDA:4,(anonymous_2)
FNDA:4,(anonymous_3)
FNDA:4,(anonymous_4)
FNDA:12,(anonymous_5)
FNDA:4,(anonymous_6)
FNDA:20,(anonymous_7)
FNDA:0,(anonymous_8)
FNDA:0,(anonymous_9)
FNDA:0,(anonymous_10)
FNDA:0,(anonymous_11)
FNDA:0,(anonymous_12)
FNDA:0,(anonymous_13)
FNDA:1,(anonymous_14)
FNDA:1,(anonymous_15)
FNDA:0,(anonymous_16)
FNDA:0,(anonymous_17)
FNDA:2,(anonymous_18)
FNDA:9,(anonymous_19)
FNDA:8,(anonymous_20)
FNDA:24,(anonymous_21)
FNDA:24,(anonymous_22)
DA:49,4
DA:64,4
DA:65,4
DA:66,1
DA:68,4
DA:72,4
DA:76,4
DA:77,4
DA:80,12
DA:83,20
DA:88,0
DA:91,0
DA:94,0
DA:95,0
DA:96,0
DA:99,0
DA:102,0
DA:103,0
DA:104,0
DA:107,0
DA:109,0
DA:110,0
DA:111,0
DA:112,0
DA:113,0
DA:114,0
DA:115,0
DA:117,0
DA:118,0
DA:121,0
DA:124,0
DA:125,0
DA:138,1
DA:139,1
DA:140,1
DA:141,1
DA:142,1
DA:143,1
DA:145,1
DA:148,0
DA:149,0
DA:152,2
DA:153,2
DA:154,2
DA:155,2
DA:158,9
DA:159,9
DA:162,8
DA:163,8
DA:164,24
DA:165,24
DA:166,3
DA:167,0
DA:169,3
DA:170,0
DA:173,24
DA:174,24
DA:175,24
LF:58
LH:32
BRDA:65,0,0,1
BRDA:65,0,1,3
BRDA:77,1,0,1
BRDA:77,1,1,3
BRDA:111,2,0,0
BRDA:111,2,1,0
BRDA:113,3,0,0
BRDA:113,3,1,0
BRDA:138,4,0,0
BRDA:138,4,1,1
BRDA:153,5,0,0
BRDA:153,5,1,2
BRDA:154,6,0,0
BRDA:154,6,1,2
BRDA:159,7,0,9
BRDA:159,7,1,2
BRDA:164,8,0,0
BRDA:164,8,1,24
BRDA:165,9,0,3
BRDA:165,9,1,21
BRDA:166,10,0,0
BRDA:166,10,1,3
BRDA:166,11,0,3
BRDA:166,11,1,0
BRDA:169,12,0,0
BRDA:169,12,1,3
BRDA:169,13,0,3
BRDA:169,13,1,0
BRF:28
BRH:16
end_of_record
TN:
SF:/Users/admin/WebstormProjects/gulu-test-1/src/slides/slides-item.vue
FN:18,(anonymous_0)
FN:25,(anonymous_1)
FNF:2
FNH:2
FNDA:12,(anonymous_0)
FNDA:24,(anonymous_1)
DA:19,12
DA:26,24
LF:2
LH:2
BRF:0
BRH:0
end_of_record
TN:
SF:/Users/admin/WebstormProjects/gulu-test-1/tests/unit/slides.spec.js
FN:10,(anonymous_0)
FN:11,(anonymous_1)
FN:15,(anonymous_2)
FN:35,(anonymous_3)
FN:41,(anonymous_4)
FN:62,(anonymous_5)
FN:68,(anonymous_6)
FN:89,(anonymous_7)
FN:95,(anonymous_8)
FN:100,(anonymous_9)
FN:126,(anonymous_10)
FN:132,(anonymous_11)
FN:133,(anonymous_12)
FNF:13
FNH:13
FNDA:1,(anonymous_0)
FNDA:1,(anonymous_1)
FNDA:1,(anonymous_2)
FNDA:1,(anonymous_3)
FNDA:1,(anonymous_4)
FNDA:1,(anonymous_5)
FNDA:1,(anonymous_6)
FNDA:1,(anonymous_7)
FNDA:1,(anonymous_8)
FNDA:1,(anonymous_9)
FNDA:1,(anonymous_10)
FNDA:1,(anonymous_11)
FNDA:1,(anonymous_12)
DA:8,1
DA:10,1
DA:11,1
DA:12,1
DA:15,1
DA:16,1
DA:17,1
DA:35,1
DA:36,1
DA:37,1
DA:41,1
DA:42,1
DA:43,1
DA:62,1
DA:63,1
DA:64,1
DA:68,1
DA:69,1
DA:70,1
DA:90,1
DA:91,1
DA:95,1
DA:96,1
DA:100,1
DA:101,1
DA:102,1
DA:103,1
DA:126,1
DA:127,1
DA:128,1
DA:132,1
DA:133,1
LF:32
LH:32
BRF:0
BRH:0
end_of_record
TN:
SF:/Users/admin/WebstormProjects/gulu-test-1/src/tabs/tabs-body.vue
FN:11,(anonymous_0)
FNF:1
FNH:0
FNDA:0,(anonymous_0)
LF:0
LH:0
BRF:0
BRH:0
end_of_record
TN:
SF:/Users/admin/WebstormProjects/gulu-test-1/tests/unit/tabs-body.spec.js
FN:8,(anonymous_0)
FN:9,(anonymous_1)
FNF:2
FNH:2
FNDA:1,(anonymous_0)
FNDA:1,(anonymous_1)
DA:6,1
DA:8,1
DA:9,1
DA:10,1
LF:4
LH:4
BRF:0
BRH:0
end_of_record
TN:
SF:/Users/admin/WebstormProjects/gulu-test-1/src/tabs/tabs-head.vue
FN:16,(anonymous_0)
FN:17,(anonymous_1)
FNF:2
FNH:0
FNDA:0,(anonymous_0)
FNDA:0,(anonymous_1)
DA:17,0
DA:18,0
DA:19,0
DA:21,0
LF:4
LH:0
BRF:0
BRH:0
end_of_record
TN:
SF:/Users/admin/WebstormProjects/gulu-test-1/tests/unit/tabs-head.spec.js
FN:8,(anonymous_0)
FN:9,(anonymous_1)
FNF:2
FNH:2
FNDA:1,(anonymous_0)
FNDA:1,(anonymous_1)
DA:6,1
DA:8,1
DA:9,1
DA:10,1
LF:4
LH:4
BRF:0
BRH:0
end_of_record
TN:
SF:/Users/admin/WebstormProjects/gulu-test-1/src/tabs/tabs-item.vue
FN:11,(anonymous_0)
FN:27,(anonymous_1)
FN:34,(anonymous_2)
FN:36,(anonymous_3)
FN:42,(anonymous_4)
FNF:5
FNH:0
FNDA:0,(anonymous_0)
FNDA:0,(anonymous_1)
FNDA:0,(anonymous_2)
FNDA:0,(anonymous_3)
FNDA:0,(anonymous_4)
DA:12,0
DA:28,0
DA:35,0
DA:36,0
DA:37,0
DA:43,0
DA:44,0
DA:45,0
LF:8
LH:0
BRDA:35,0,0,0
BRDA:35,0,1,0
BRDA:43,1,0,0
BRDA:43,1,1,0
BRDA:44,2,0,0
BRDA:44,2,1,0
BRF:6
BRH:0
end_of_record
TN:
SF:/Users/admin/WebstormProjects/gulu-test-1/tests/unit/tabs-item.spec.js
FN:8,(anonymous_0)
FN:9,(anonymous_1)
FNF:2
FNH:2
FNDA:1,(anonymous_0)
FNDA:1,(anonymous_1)
DA:6,1
DA:8,1
DA:9,1
DA:10,1
LF:4
LH:4
BRF:0
BRH:0
end_of_record
TN:
SF:/Users/admin/WebstormProjects/gulu-test-1/src/tabs/tabs-pane.vue
FN:11,(anonymous_0)
FN:23,(anonymous_1)
FN:29,(anonymous_2)
FN:30,(anonymous_3)
FNF:4
FNH:0
FNDA:0,(anonymous_0)
FNDA:0,(anonymous_1)
FNDA:0,(anonymous_2)
FNDA:0,(anonymous_3)
DA:12,0
DA:24,0
DA:30,0
DA:31,0
LF:4
LH:0
BRF:0
BRH:0
end_of_record
TN:
SF:/Users/admin/WebstormProjects/gulu-test-1/tests/unit/tabs-pane.spec.js
FN:8,(anonymous_0)
FN:9,(anonymous_1)
FNF:2
FNH:2
FNDA:1,(anonymous_0)
FNDA:1,(anonymous_1)
DA:6,1
DA:8,1
DA:9,1
DA:10,1
LF:4
LH:4
BRF:0
BRH:0
end_of_record
TN:
SF:/Users/admin/WebstormProjects/gulu-test-1/src/tabs/tabs.vue
FN:19,(anonymous_0)
FN:24,(anonymous_1)
FN:29,(anonymous_2)
FN:34,(anonymous_3)
FN:36,(anonymous_4)
FN:41,(anonymous_5)
FN:49,(anonymous_6)
FN:51,(anonymous_7)
FN:53,(anonymous_8)
FNF:9
FNH:0
FNDA:0,(anonymous_0)
FNDA:0,(anonymous_1)
FNDA:0,(anonymous_2)
FNDA:0,(anonymous_3)
FNDA:0,(anonymous_4)
FNDA:0,(anonymous_5)
FNDA:0,(anonymous_6)
FNDA:0,(anonymous_7)
FNDA:0,(anonymous_8)
DA:20,0
DA:25,0
DA:30,0
DA:37,0
DA:38,0
DA:43,0
DA:44,0
DA:46,0
DA:51,0
DA:52,0
DA:53,0
DA:54,0
DA:55,0
LF:13
LH:0
BRDA:43,0,0,0
BRDA:43,0,1,0
BRDA:44,1,0,0
BRDA:44,1,1,0
BRDA:44,1,2,0
BRDA:52,2,0,0
BRDA:52,2,1,0
BRDA:54,3,0,0
BRDA:54,3,1,0
BRDA:54,4,0,0
BRDA:54,4,1,0
BRF:11
BRH:0
end_of_record
TN:
SF:/Users/admin/WebstormProjects/gulu-test-1/tests/unit/tabs.spec.js
FN:8,(anonymous_0)
FN:9,(anonymous_1)
FNF:2
FNH:2
FNDA:1,(anonymous_0)
FNDA:1,(anonymous_1)
DA:6,1
DA:8,1
DA:9,1
DA:10,1
LF:4
LH:4
BRF:0
BRH:0
end_of_record
TN:
SF:/Users/admin/WebstormProjects/gulu-test-1/src/toast.vue
FN:23,(anonymous_0)
FN:29,(anonymous_1)
FN:43,(anonymous_2)
FN:49,(anonymous_3)
FN:55,(anonymous_4)
FN:60,(anonymous_5)
FN:62,(anonymous_6)
FN:67,(anonymous_7)
FN:74,(anonymous_8)
FN:78,(anonymous_9)
FN:84,(anonymous_10)
FN:87,(anonymous_11)
FNF:12
FNH:0
FNDA:0,(anonymous_0)
FNDA:0,(anonymous_1)
FNDA:0,(anonymous_2)
FNDA:0,(anonymous_3)
FNDA:0,(anonymous_4)
FNDA:0,(anonymous_5)
FNDA:0,(anonymous_6)
FNDA:0,(anonymous_7)
FNDA:0,(anonymous_8)
FNDA:0,(anonymous_9)
FNDA:0,(anonymous_10)
FNDA:0,(anonymous_11)
DA:24,0
DA:30,0
DA:44,0
DA:50,0
DA:56,0
DA:57,0
DA:61,0
DA:62,0
DA:63,0
DA:74,0
DA:75,0
DA:79,0
DA:81,0
DA:82,0
DA:85,0
DA:88,0
DA:89,0
DA:91,0
LF:18
LH:0
BRDA:24,0,0,0
BRDA:24,0,1,0
BRDA:61,1,0,0
BRDA:61,1,1,0
BRDA:89,2,0,0
BRDA:89,2,1,0
BRDA:89,3,0,0
BRDA:89,3,1,0
BRF:8
BRH:0
end_of_record
TN:
SF:/Users/admin/WebstormProjects/gulu-test-1/tests/unit/toast.spec.js
FN:8,(anonymous_0)
FN:9,(anonymous_1)
FNF:2
FNH:2
FNDA:1,(anonymous_0)
FNDA:1,(anonymous_1)
DA:6,1
DA:8,1
DA:9,1
DA:10,1
LF:4
LH:4
BRF:0
BRH:0
end_of_record
TN:
SF:/Users/admin/WebstormProjects/gulu-test-1/src/http.js
FN:1,core
FN:4,(anonymous_1)
FN:8,(anonymous_2)
FN:15,(anonymous_3)
FN:16,(anonymous_4)
FN:19,(anonymous_5)
FN:20,(anonymous_6)
FN:21,(anonymous_7)
FNF:8
FNH:0
FNDA:0,core
FNDA:0,(anonymous_1)
FNDA:0,(anonymous_2)
FNDA:0,(anonymous_3)
FNDA:0,(anonymous_4)
FNDA:0,(anonymous_5)
FNDA:0,(anonymous_6)
FNDA:0,(anonymous_7)
DA:2,0
DA:3,0
DA:4,0
DA:5,0
DA:8,0
DA:9,0
DA:11,0
DA:17,0
LF:8
LH:0
BRDA:5,0,0,0
BRDA:5,0,1,0
BRDA:9,1,0,0
BRDA:9,1,1,0
BRF:4
BRH:0
end_of_record
TN:
SF:/Users/admin/WebstormProjects/gulu-test-1/src/uploader.vue
FN:37,(anonymous_0)
FN:40,(anonymous_1)
FN:46,(anonymous_2)
FN:49,(anonymous_3)
FN:57,(anonymous_4)
FN:67,(anonymous_5)
FN:76,(anonymous_6)
FN:85,(anonymous_7)
FN:86,(anonymous_8)
FN:97,(anonymous_9)
FN:113,(anonymous_10)
FN:117,(anonymous_11)
FN:122,(anonymous_12)
FN:123,(anonymous_13)
FN:136,(anonymous_14)
FN:137,(anonymous_15)
FN:145,(anonymous_16)
FN:148,(anonymous_17)
FNF:18
FNH:12
FNDA:0,(anonymous_0)
FNDA:1,(anonymous_1)
FNDA:1,(anonymous_2)
FNDA:1,(anonymous_3)
FNDA:0,(anonymous_4)
FNDA:1,(anonymous_5)
FNDA:1,(anonymous_6)
FNDA:1,(anonymous_7)
FNDA:1,(anonymous_8)
FNDA:1,(anonymous_9)
FNDA:1,(anonymous_10)
FNDA:0,(anonymous_11)
FNDA:0,(anonymous_12)
FNDA:0,(anonymous_13)
FNDA:1,(anonymous_14)
FNDA:0,(anonymous_15)
FNDA:1,(anonymous_16)
FNDA:1,(anonymous_17)
DA:37,0
DA:41,1
DA:47,1
DA:49,1
DA:51,1
DA:52,1
DA:54,1
DA:58,0
DA:59,0
DA:60,0
DA:61,0
DA:62,0
DA:63,0
DA:68,1
DA:69,1
DA:70,1
DA:71,1
DA:72,0
DA:73,0
DA:76,1
DA:77,1
DA:78,1
DA:81,1
DA:83,1
DA:86,1
DA:87,1
DA:88,1
DA:89,1
DA:90,1
DA:91,1
DA:93,1
DA:94,1
DA:95,1
DA:98,1
DA:99,1
DA:100,1
DA:101,1
DA:102,1
DA:103,1
DA:106,1
DA:108,1
DA:109,1
DA:110,1
DA:111,1
DA:112,1
DA:113,1
DA:114,1
DA:115,1
DA:116,1
DA:118,0
DA:123,0
DA:124,0
DA:125,0
DA:126,0
DA:127,0
DA:128,0
DA:129,0
DA:130,0
DA:131,0
DA:132,0
DA:134,0
DA:137,1
DA:138,0
DA:139,0
DA:140,0
DA:141,0
DA:143,1
DA:146,1
DA:151,1
DA:152,1
DA:153,1
DA:154,1
DA:155,1
DA:156,1
DA:157,1
LF:75
LH:50
BRDA:59,0,0,0
BRDA:59,0,1,0
BRDA:71,1,0,0
BRDA:71,1,1,1
BRDA:106,2,0,0
BRDA:106,2,1,1
BRDA:131,3,0,0
BRDA:131,3,1,0
BRF:8
BRH:2
end_of_record
TN:
SF:/Users/admin/WebstormProjects/gulu-test-1/tests/unit/uploader.spec.js
FN:9,(anonymous_0)
FN:10,(anonymous_1)
FN:14,(anonymous_2)
FN:22,(anonymous_3)
FN:23,(anonymous_4)
FN:32,(anonymous_5)
FN:42,(anonymous_6)
FN:45,(anonymous_7)
FN:86,(anonymous_8)
FN:95,(anonymous_9)
FN:97,(anonymous_10)
FN:98,(anonymous_11)
FN:108,(anonymous_12)
FNF:13
FNH:9
FNDA:1,(anonymous_0)
FNDA:1,(anonymous_1)
FNDA:1,(anonymous_2)
FNDA:1,(anonymous_3)
FNDA:1,(anonymous_4)
FNDA:1,(anonymous_5)
FNDA:2,(anonymous_6)
FNDA:1,(anonymous_7)
FNDA:0,(anonymous_8)
FNDA:0,(anonymous_9)
FNDA:0,(anonymous_10)
FNDA:0,(anonymous_11)
FNDA:1,(anonymous_12)
DA:6,1
DA:9,1
DA:10,1
DA:11,1
DA:14,1
DA:22,1
DA:23,1
DA:24,1
DA:27,1
DA:33,1
DA:34,1
DA:43,2
DA:47,1
DA:48,1
DA:49,1
DA:52,1
DA:53,1
DA:57,1
DA:59,1
DA:60,1
DA:61,1
DA:65,1
DA:66,1
DA:68,1
DA:72,1
DA:73,1
DA:74,1
DA:76,1
DA:79,1
DA:80,1
DA:86,1
DA:89,0
DA:91,0
DA:92,0
DA:95,1
DA:97,0
DA:98,0
DA:99,0
DA:100,0
DA:104,0
DA:105,0
DA:108,1
LF:42
LH:33
BRF:0
BRH:0
end_of_record
TN:
SF:/Users/admin/WebstormProjects/gulu-test-1/src/validate.js
FN:2,(anonymous_0)
FN:6,(anonymous_1)
FN:8,(anonymous_2)
FN:10,(anonymous_3)
FN:23,(anonymous_4)
FN:24,(anonymous_5)
FN:43,(anonymous_6)
FN:49,(anonymous_7)
FN:59,(anonymous_8)
FN:65,(anonymous_9)
FN:74,ensureObject
FNF:11
FNH:11
FNDA:1,(anonymous_0)
FNDA:15,(anonymous_1)
FNDA:15,(anonymous_2)
FNDA:15,(anonymous_3)
FNDA:41,(anonymous_4)
FNDA:17,(anonymous_5)
FNDA:9,(anonymous_6)
FNDA:7,(anonymous_7)
FNDA:2,(anonymous_8)
FNDA:2,(anonymous_9)
FNDA:14,ensureObject
DA:4,1
DA:9,15
DA:10,15
DA:12,15
DA:13,15
DA:14,9
DA:15,9
DA:16,9
DA:17,2
DA:18,2
DA:19,2
DA:23,41
DA:24,13
DA:26,17
DA:27,15
DA:28,15
DA:29,12
DA:30,12
DA:34,2
DA:35,2
DA:40,13
DA:44,9
DA:45,2
DA:50,7
DA:51,5
DA:54,7
DA:55,5
DA:60,2
DA:61,1
DA:66,2
DA:67,2
DA:75,14
DA:76,11
LF:33
LH:33
BRDA:13,0,0,9
BRDA:13,0,1,6
BRDA:16,1,0,2
BRDA:16,1,1,7
BRDA:23,2,0,41
BRDA:23,2,1,28
BRDA:26,3,0,15
BRDA:26,3,1,2
BRDA:28,4,0,12
BRDA:28,4,1,3
BRDA:44,5,0,2
BRDA:44,5,1,7
BRDA:44,6,0,9
BRDA:44,6,1,3
BRDA:50,7,0,5
BRDA:50,7,1,2
BRDA:54,8,0,5
BRDA:54,8,1,2
BRDA:60,9,0,1
BRDA:60,9,1,1
BRDA:66,10,0,2
BRDA:66,10,1,0
BRDA:75,11,0,11
BRDA:75,11,1,3
BRF:24
BRH:23
end_of_record
TN:
SF:/Users/admin/WebstormProjects/gulu-test-1/tests/unit/validate.spec.js
FN:8,(anonymous_0)
FN:9,(anonymous_1)
FN:13,(anonymous_2)
FN:26,(anonymous_3)
FN:39,(anonymous_4)
FN:52,(anonymous_5)
FN:65,(anonymous_6)
FN:78,(anonymous_7)
FN:91,(anonymous_8)
FN:111,(anonymous_9)
FN:125,(anonymous_10)
FN:138,(anonymous_11)
FN:155,(anonymous_12)
FN:163,(anonymous_13)
FN:174,(anonymous_14)
FN:179,(anonymous_15)
FN:188,(anonymous_16)
FN:200,(anonymous_17)
FN:205,(anonymous_18)
FN:208,(anonymous_19)
FN:214,(anonymous_20)
FN:226,(anonymous_21)
FN:231,(anonymous_22)
FN:234,(anonymous_23)
FNF:24
FNH:24
FNDA:1,(anonymous_0)
FNDA:1,(anonymous_1)
FNDA:1,(anonymous_2)
FNDA:1,(anonymous_3)
FNDA:1,(anonymous_4)
FNDA:1,(anonymous_5)
FNDA:1,(anonymous_6)
FNDA:1,(anonymous_7)
FNDA:1,(anonymous_8)
FNDA:1,(anonymous_9)
FNDA:1,(anonymous_10)
FNDA:1,(anonymous_11)
FNDA:1,(anonymous_12)
FNDA:1,(anonymous_13)
FNDA:1,(anonymous_14)
FNDA:1,(anonymous_15)
FNDA:1,(anonymous_16)
FNDA:1,(anonymous_17)
FNDA:1,(anonymous_18)
FNDA:1,(anonymous_19)
FNDA:1,(anonymous_20)
FNDA:2,(anonymous_21)
FNDA:1,(anonymous_22)
FNDA:1,(anonymous_23)
DA:4,1
DA:8,1
DA:9,1
DA:10,1
DA:13,1
DA:14,1
DA:18,1
DA:21,1
DA:22,1
DA:23,1
DA:26,1
DA:27,1
DA:31,1
DA:34,1
DA:35,1
DA:36,1
DA:39,1
DA:40,1
DA:44,1
DA:47,1
DA:48,1
DA:49,1
DA:52,1
DA:53,1
DA:57,1
DA:60,1
DA:61,1
DA:62,1
DA:65,1
DA:66,1
DA:70,1
DA:73,1
DA:74,1
DA:75,1
DA:78,1
DA:79,1
DA:83,1
DA:86,1
DA:87,1
DA:88,1
DA:91,1
DA:92,1
DA:96,1
DA:99,1
DA:100,1
DA:107,1
DA:108,1
DA:111,1
DA:112,1
DA:116,1
DA:119,1
DA:120,1
DA:121,1
DA:122,1
DA:125,1
DA:126,1
DA:130,1
DA:133,1
DA:134,1
DA:135,1
DA:138,1
DA:139,1
DA:143,1
DA:154,1
DA:155,1
DA:156,1
DA:159,1
DA:163,1
DA:164,1
DA:168,1
DA:172,1
DA:174,1
DA:175,1
DA:176,1
DA:179,1
DA:180,1
DA:183,1
DA:184,1
DA:188,1
DA:189,1
DA:193,1
DA:197,1
DA:198,1
DA:200,1
DA:201,1
DA:202,1
DA:205,1
DA:206,1
DA:208,1
DA:209,1
DA:214,1
DA:215,1
DA:219,1
DA:223,1
DA:224,1
DA:226,1
DA:227,2
DA:228,2
DA:231,1
DA:232,1
DA:234,1
DA:235,1
LF:102
LH:102
BRDA:175,0,0,1
BRDA:175,0,1,0
BRDA:201,1,0,1
BRDA:201,1,1,0
BRDA:227,2,0,2
BRDA:227,2,1,0
BRF:6
BRH:3
end_of_record
